0 info it worked if it ends with ok
1 verbose cli [
1 verbose cli   '/data/app/io.tempage.dorynode-Q3mWoQEuVEpL2zV2ebp-wA==/lib/arm64/lib_node_v16.so',
1 verbose cli   '/data/user/0/io.tempage.dorynode/files/bin/npm',
1 verbose cli   'install',
1 verbose cli   'express',
1 verbose cli   'pg',
1 verbose cli   'sequelize',
1 verbose cli   'bcrypt',
1 verbose cli   'jsonwebtoken',
1 verbose cli   'dotenv'
1 verbose cli ]
2 info using npm@6.14.17
3 info using node@v16.15.1
4 verbose npm-session fff9dbf36e2c0ee2
5 silly install loadCurrentTree
6 silly install readLocalPackageData
7 http fetch GET 304 https://registry.npmjs.org/jsonwebtoken 1792ms (from cache)
8 http fetch GET 304 https://registry.npmjs.org/express 1819ms (from cache)
9 silly pacote tag manifest for express@latest fetched in 1878ms
10 http fetch GET 200 https://registry.npmjs.org/jsonwebtoken/-/jsonwebtoken-9.0.2.tgz 61ms (from cache)
11 silly pacote tag manifest for jsonwebtoken@latest fetched in 1909ms
12 http fetch GET 304 https://registry.npmjs.org/dotenv 1909ms (from cache)
13 http fetch GET 304 https://registry.npmjs.org/pg 1923ms (from cache)
14 silly pacote tag manifest for dotenv@latest fetched in 1926ms
15 silly pacote tag manifest for pg@latest fetched in 1940ms
16 http fetch GET 200 https://registry.npmjs.org/bcrypt 2906ms
17 http fetch GET 200 https://registry.npmjs.org/sequelize 3031ms
18 http fetch GET 200 https://registry.npmjs.org/bcrypt/-/bcrypt-5.1.1.tgz 915ms
19 silly pacote tag manifest for bcrypt@latest fetched in 3882ms
20 http fetch GET 200 https://registry.npmjs.org/sequelize/-/sequelize-6.37.3.tgz 3950ms
21 silly pacote tag manifest for sequelize@latest fetched in 7081ms
22 timing stage:loadCurrentTree Completed in 7241ms
23 silly install loadIdealTree
24 silly install cloneCurrentTreeToIdealTree
25 timing stage:loadIdealTree:cloneCurrentTree Completed in 2ms
26 silly install loadShrinkwrap
27 timing stage:loadIdealTree:loadShrinkwrap Completed in 4ms
28 silly install loadAllDepsIntoIdealTree
29 silly resolveWithNewModule express@4.21.0 checking installable status
30 silly resolveWithNewModule jsonwebtoken@9.0.2 checking installable status
31 silly resolveWithNewModule dotenv@16.4.5 checking installable status
32 silly resolveWithNewModule pg@8.13.0 checking installable status
33 silly resolveWithNewModule bcrypt@5.1.1 checking installable status
34 silly resolveWithNewModule sequelize@6.37.3 checking installable status
35 http fetch GET 200 https://registry.npmjs.org/node-addon-api 1104ms
36 http fetch GET 200 https://registry.npmjs.org/@mapbox%2fnode-pre-gyp 1843ms
37 http fetch GET 200 https://registry.npmjs.org/@mapbox/node-pre-gyp/-/node-pre-gyp-1.0.11.tgz 944ms
38 silly pacote range manifest for @mapbox/node-pre-gyp@^1.0.11 fetched in 2816ms
39 silly resolveWithNewModule @mapbox/node-pre-gyp@1.0.11 checking installable status
40 http fetch GET 200 https://registry.npmjs.org/node-addon-api/-/node-addon-api-5.1.0.tgz 1756ms
41 silly pacote range manifest for node-addon-api@^5.0.0 fetched in 2893ms
42 silly resolveWithNewModule node-addon-api@5.1.0 checking installable status
43 http fetch GET 304 https://registry.npmjs.org/nopt 429ms (from cache)
44 http fetch GET 304 https://registry.npmjs.org/rimraf 508ms (from cache)
45 http fetch GET 304 https://registry.npmjs.org/semver 513ms (from cache)
46 http fetch GET 304 https://registry.npmjs.org/tar 550ms (from cache)
47 silly pacote range manifest for semver@^7.3.5 fetched in 584ms
48 silly resolveWithNewModule semver@7.6.3 checking installable status
49 silly pacote range manifest for tar@^6.1.11 fetched in 609ms
50 silly resolveWithNewModule tar@6.2.1 checking installable status
51 http fetch GET 200 https://registry.npmjs.org/detect-libc 610ms
52 http fetch GET 200 https://registry.npmjs.org/npmlog 626ms
53 http fetch GET 200 https://registry.npmjs.org/nopt/-/nopt-5.0.0.tgz 499ms
54 silly pacote range manifest for nopt@^5.0.0 fetched in 975ms
55 silly resolveWithNewModule nopt@5.0.0 checking installable status
56 http fetch GET 200 https://registry.npmjs.org/rimraf/-/rimraf-3.0.2.tgz 435ms
57 http fetch GET 200 https://registry.npmjs.org/npmlog/-/npmlog-5.0.1.tgz 367ms
58 http fetch GET 200 https://registry.npmjs.org/detect-libc/-/detect-libc-2.0.3.tgz 400ms
59 silly pacote range manifest for detect-libc@^2.0.0 fetched in 1034ms
60 silly resolveWithNewModule detect-libc@2.0.3 checking installable status
61 silly pacote range manifest for rimraf@^3.0.2 fetched in 1050ms
62 warn deprecated rimraf@3.0.2: Rimraf versions prior to v4 are no longer supported
63 silly resolveWithNewModule rimraf@3.0.2 checking installable status
64 silly pacote range manifest for npmlog@^5.0.1 fetched in 1058ms
65 warn deprecated npmlog@5.0.1: This package is no longer supported.
66 silly resolveWithNewModule npmlog@5.0.1 checking installable status
67 http fetch GET 304 https://registry.npmjs.org/https-proxy-agent 1239ms (from cache)
68 http fetch GET 304 https://registry.npmjs.org/make-dir 1247ms (from cache)
69 http fetch GET 304 https://registry.npmjs.org/node-fetch 1251ms (from cache)
70 silly pacote range manifest for make-dir@^3.1.0 fetched in 1266ms
71 silly resolveWithNewModule make-dir@3.1.0 checking installable status
72 silly pacote range manifest for https-proxy-agent@^5.0.0 fetched in 1265ms
73 silly resolveWithNewModule https-proxy-agent@5.0.1 checking installable status
74 silly pacote range manifest for node-fetch@^2.6.7 fetched in 1295ms
75 silly resolveWithNewModule node-fetch@2.7.0 checking installable status
76 http fetch GET 304 https://registry.npmjs.org/agent-base 441ms (from cache)
77 http fetch GET 304 https://registry.npmjs.org/debug 448ms (from cache)
78 silly pacote range manifest for debug@4 fetched in 470ms
79 silly resolveWithNewModule debug@4.3.7 checking installable status
80 silly pacote range manifest for agent-base@6 fetched in 471ms
81 silly resolveWithNewModule agent-base@6.0.2 checking installable status
82 http fetch GET 304 https://registry.npmjs.org/ms 412ms (from cache)
83 silly pacote range manifest for ms@^2.1.3 fetched in 425ms
84 silly resolveWithNewModule ms@2.1.3 checking installable status
85 silly pacote range manifest for semver@^6.0.0 fetched in 11ms
86 silly resolveWithNewModule semver@6.3.1 checking installable status
87 http fetch GET 304 https://registry.npmjs.org/whatwg-url 555ms (from cache)
88 silly pacote range manifest for whatwg-url@^5.0.0 fetched in 573ms
89 silly resolveWithNewModule whatwg-url@5.0.0 checking installable status
90 http fetch GET 304 https://registry.npmjs.org/tr46 600ms (from cache)
91 http fetch GET 304 https://registry.npmjs.org/webidl-conversions 604ms (from cache)
92 silly pacote range manifest for tr46@~0.0.3 fetched in 612ms
93 silly resolveWithNewModule tr46@0.0.3 checking installable status
94 silly pacote range manifest for webidl-conversions@^3.0.0 fetched in 615ms
95 silly resolveWithNewModule webidl-conversions@3.0.1 checking installable status
96 http fetch GET 304 https://registry.npmjs.org/abbrev 403ms (from cache)
97 http fetch GET 200 https://registry.npmjs.org/abbrev/-/abbrev-1.1.1.tgz 395ms
98 silly pacote range manifest for abbrev@1 fetched in 826ms
99 silly resolveWithNewModule abbrev@1.1.1 checking installable status
100 http fetch GET 200 https://registry.npmjs.org/console-control-strings 598ms
101 http fetch GET 200 https://registry.npmjs.org/are-we-there-yet 622ms
102 http fetch GET 200 https://registry.npmjs.org/set-blocking 777ms
103 http fetch GET 200 https://registry.npmjs.org/gauge 971ms
104 http fetch GET 200 https://registry.npmjs.org/are-we-there-yet/-/are-we-there-yet-2.0.0.tgz 410ms
105 http fetch GET 200 https://registry.npmjs.org/console-control-strings/-/console-control-strings-1.1.0.tgz 436ms
106 silly pacote range manifest for console-control-strings@^1.1.0 fetched in 1054ms
107 silly resolveWithNewModule console-control-strings@1.1.0 checking installable status
108 silly pacote range manifest for are-we-there-yet@^2.0.0 fetched in 1059ms
109 warn deprecated are-we-there-yet@2.0.0: This package is no longer supported.
110 silly resolveWithNewModule are-we-there-yet@2.0.0 checking installable status
111 http fetch GET 200 https://registry.npmjs.org/set-blocking/-/set-blocking-2.0.0.tgz 362ms
112 silly pacote range manifest for set-blocking@^2.0.0 fetched in 1156ms
113 silly resolveWithNewModule set-blocking@2.0.0 checking installable status
114 http fetch GET 200 https://registry.npmjs.org/gauge/-/gauge-3.0.2.tgz 818ms
115 silly pacote range manifest for gauge@^3.0.0 fetched in 1824ms
116 warn deprecated gauge@3.0.2: This package is no longer supported.
117 silly resolveWithNewModule gauge@3.0.2 checking installable status
118 http fetch GET 304 https://registry.npmjs.org/readable-stream 468ms (from cache)
119 silly pacote range manifest for readable-stream@^3.6.0 fetched in 492ms
120 silly resolveWithNewModule readable-stream@3.6.2 checking installable status
121 http fetch GET 200 https://registry.npmjs.org/delegates 525ms
122 http fetch GET 200 https://registry.npmjs.org/delegates/-/delegates-1.0.0.tgz 383ms
123 silly pacote range manifest for delegates@^1.0.0 fetched in 930ms
124 silly resolveWithNewModule delegates@1.0.0 checking installable status
125 http fetch GET 304 https://registry.npmjs.org/inherits 415ms (from cache)
126 http fetch GET 304 https://registry.npmjs.org/string_decoder 419ms (from cache)
127 http fetch GET 304 https://registry.npmjs.org/util-deprecate 422ms (from cache)
128 silly pacote range manifest for inherits@^2.0.3 fetched in 430ms
129 silly resolveWithNewModule inherits@2.0.4 checking installable status
130 silly pacote range manifest for string_decoder@^1.1.1 fetched in 433ms
131 silly resolveWithNewModule string_decoder@1.3.0 checking installable status
132 silly pacote range manifest for util-deprecate@^1.0.1 fetched in 436ms
133 silly resolveWithNewModule util-deprecate@1.0.2 checking installable status
134 http fetch GET 304 https://registry.npmjs.org/safe-buffer 365ms (from cache)
135 silly pacote range manifest for safe-buffer@~5.2.0 fetched in 374ms
136 silly resolveWithNewModule safe-buffer@5.2.1 checking installable status
137 http fetch GET 304 https://registry.npmjs.org/object-assign 432ms (from cache)
138 http fetch GET 304 https://registry.npmjs.org/signal-exit 443ms (from cache)
139 http fetch GET 304 https://registry.npmjs.org/string-width 448ms (from cache)
140 silly pacote range manifest for object-assign@^4.1.1 fetched in 454ms
141 silly resolveWithNewModule object-assign@4.1.1 checking installable status
142 silly pacote range manifest for signal-exit@^3.0.0 fetched in 464ms
143 silly resolveWithNewModule signal-exit@3.0.7 checking installable status
144 silly pacote range manifest for string-width@^4.2.3 fetched in 465ms
145 silly resolveWithNewModule string-width@4.2.3 checking installable status
146 http fetch GET 304 https://registry.npmjs.org/strip-ansi 477ms (from cache)
147 silly pacote range manifest for strip-ansi@^6.0.1 fetched in 484ms
148 silly resolveWithNewModule strip-ansi@6.0.1 checking installable status
149 http fetch GET 200 https://registry.npmjs.org/color-support 601ms
150 http fetch GET 200 https://registry.npmjs.org/aproba 623ms
151 http fetch GET 200 https://registry.npmjs.org/wide-align 627ms
152 http fetch GET 200 https://registry.npmjs.org/aproba/-/aproba-2.0.0.tgz 450ms
153 http fetch GET 200 https://registry.npmjs.org/color-support/-/color-support-1.1.3.tgz 476ms
154 http fetch GET 200 https://registry.npmjs.org/has-unicode 1092ms
155 http fetch GET 200 https://registry.npmjs.org/wide-align/-/wide-align-1.1.5.tgz 457ms
156 silly pacote range manifest for aproba@^1.0.3 || ^2.0.0 fetched in 1121ms
157 silly resolveWithNewModule aproba@2.0.0 checking installable status
158 silly pacote range manifest for wide-align@^1.1.2 fetched in 1120ms
159 silly resolveWithNewModule wide-align@1.1.5 checking installable status
160 silly pacote range manifest for color-support@^1.1.2 fetched in 1116ms
161 silly resolveWithNewModule color-support@1.1.3 checking installable status
162 http fetch GET 200 https://registry.npmjs.org/has-unicode/-/has-unicode-2.0.1.tgz 365ms
163 silly pacote range manifest for has-unicode@^2.0.1 fetched in 1482ms
164 silly resolveWithNewModule has-unicode@2.0.1 checking installable status
165 http fetch GET 304 https://registry.npmjs.org/is-fullwidth-code-point 358ms (from cache)
166 silly pacote range manifest for is-fullwidth-code-point@^3.0.0 fetched in 368ms
167 silly resolveWithNewModule is-fullwidth-code-point@3.0.0 checking installable status
168 http fetch GET 304 https://registry.npmjs.org/emoji-regex 967ms (from cache)
169 silly pacote range manifest for emoji-regex@^8.0.0 fetched in 983ms
170 silly resolveWithNewModule emoji-regex@8.0.0 checking installable status
171 http fetch GET 304 https://registry.npmjs.org/ansi-regex 404ms (from cache)
172 silly pacote range manifest for ansi-regex@^5.0.1 fetched in 413ms
173 silly resolveWithNewModule ansi-regex@5.0.1 checking installable status
174 http fetch GET 304 https://registry.npmjs.org/glob 908ms (from cache)
175 silly pacote range manifest for glob@^7.1.3 fetched in 937ms
176 warn deprecated glob@7.2.3: Glob versions prior to v9 are no longer supported
177 silly resolveWithNewModule glob@7.2.3 checking installable status
178 http fetch GET 304 https://registry.npmjs.org/inflight 454ms (from cache)
179 http fetch GET 304 https://registry.npmjs.org/path-is-absolute 459ms (from cache)
180 http fetch GET 304 https://registry.npmjs.org/once 466ms (from cache)
181 http fetch GET 304 https://registry.npmjs.org/minimatch 469ms (from cache)
182 silly pacote range manifest for inflight@^1.0.4 fetched in 483ms
183 warn deprecated inflight@1.0.6: This module is not supported, and leaks memory. Do not use it. Check out lru-cache if you want a good and tested way to coalesce async requests by a key value, which is much more comprehensive and powerful.
184 silly resolveWithNewModule inflight@1.0.6 checking installable status
185 silly pacote range manifest for path-is-absolute@^1.0.0 fetched in 484ms
186 silly resolveWithNewModule path-is-absolute@1.0.1 checking installable status
187 silly pacote range manifest for once@^1.3.0 fetched in 491ms
188 silly resolveWithNewModule once@1.4.0 checking installable status
189 silly pacote range manifest for minimatch@^3.1.1 fetched in 491ms
190 silly resolveWithNewModule minimatch@3.1.2 checking installable status
191 http fetch GET 304 https://registry.npmjs.org/fs.realpath 578ms (from cache)
192 silly pacote range manifest for fs.realpath@^1.0.0 fetched in 593ms
193 silly resolveWithNewModule fs.realpath@1.0.0 checking installable status
194 http fetch GET 304 https://registry.npmjs.org/wrappy 367ms (from cache)
195 silly pacote range manifest for wrappy@1 fetched in 377ms
196 silly resolveWithNewModule wrappy@1.0.2 checking installable status
197 http fetch GET 304 https://registry.npmjs.org/brace-expansion 395ms (from cache)
198 silly pacote range manifest for brace-expansion@^1.1.7 fetched in 411ms
199 silly resolveWithNewModule brace-expansion@1.1.11 checking installable status
200 http fetch GET 304 https://registry.npmjs.org/balanced-match 397ms (from cache)
201 silly pacote range manifest for balanced-match@^1.0.0 fetched in 406ms
202 silly resolveWithNewModule balanced-match@1.0.2 checking installable status
203 http fetch GET 304 https://registry.npmjs.org/concat-map 2035ms (from cache)
204 silly pacote version manifest for concat-map@0.0.1 fetched in 2048ms
205 silly resolveWithNewModule concat-map@0.0.1 checking installable status
206 http fetch GET 304 https://registry.npmjs.org/chownr 478ms (from cache)
207 http fetch GET 304 https://registry.npmjs.org/mkdirp 477ms (from cache)
208 http fetch GET 304 https://registry.npmjs.org/fs-minipass 484ms (from cache)
209 silly pacote range manifest for mkdirp@^1.0.3 fetched in 495ms
210 silly resolveWithNewModule mkdirp@1.0.4 checking installable status
211 http fetch GET 304 https://registry.npmjs.org/yallist 494ms (from cache)
212 http fetch GET 304 https://registry.npmjs.org/minipass 496ms (from cache)
213 silly pacote range manifest for chownr@^2.0.0 fetched in 509ms
214 silly resolveWithNewModule chownr@2.0.0 checking installable status
215 http fetch GET 304 https://registry.npmjs.org/minizlib 505ms (from cache)
216 silly pacote range manifest for fs-minipass@^2.0.0 fetched in 509ms
217 silly resolveWithNewModule fs-minipass@2.1.0 checking installable status
218 silly pacote range manifest for minipass@^5.0.0 fetched in 515ms
219 silly resolveWithNewModule minipass@5.0.0 checking installable status
220 silly pacote range manifest for minizlib@^2.1.1 fetched in 516ms
221 silly resolveWithNewModule minizlib@2.1.2 checking installable status
222 silly pacote range manifest for yallist@^4.0.0 fetched in 520ms
223 silly resolveWithNewModule yallist@4.0.0 checking installable status
224 silly pacote range manifest for minipass@^3.0.0 fetched in 8ms
225 silly resolveWithNewModule minipass@3.3.6 checking installable status
226 silly pacote range manifest for minipass@^3.0.0 fetched in 4ms
227 silly resolveWithNewModule minipass@3.3.6 checking installable status
228 silly pacote version manifest for debug@2.6.9 fetched in 54ms
229 silly resolveWithNewModule debug@2.6.9 checking installable status
230 http fetch GET 304 https://registry.npmjs.org/encodeurl 480ms (from cache)
231 http fetch GET 304 https://registry.npmjs.org/array-flatten 494ms (from cache)
232 http fetch GET 304 https://registry.npmjs.org/body-parser 504ms (from cache)
233 http fetch GET 304 https://registry.npmjs.org/accepts 516ms (from cache)
234 http fetch GET 304 https://registry.npmjs.org/content-type 513ms (from cache)
235 http fetch GET 304 https://registry.npmjs.org/cookie 522ms (from cache)
236 http fetch GET 304 https://registry.npmjs.org/depd 525ms (from cache)
237 silly pacote range manifest for encodeurl@~2.0.0 fetched in 546ms
238 silly resolveWithNewModule encodeurl@2.0.0 checking installable status
239 silly pacote version manifest for array-flatten@1.1.1 fetched in 563ms
240 silly resolveWithNewModule array-flatten@1.1.1 checking installable status
241 silly pacote range manifest for accepts@~1.3.8 fetched in 574ms
242 silly resolveWithNewModule accepts@1.3.8 checking installable status
243 silly pacote version manifest for body-parser@1.20.3 fetched in 574ms
244 silly resolveWithNewModule body-parser@1.20.3 checking installable status
245 silly pacote range manifest for content-type@~1.0.4 fetched in 579ms
246 silly resolveWithNewModule content-type@1.0.5 checking installable status
247 silly pacote version manifest for cookie@0.6.0 fetched in 582ms
248 silly resolveWithNewModule cookie@0.6.0 checking installable status
249 silly pacote version manifest for depd@2.0.0 fetched in 581ms
250 silly resolveWithNewModule depd@2.0.0 checking installable status
251 http fetch GET 304 https://registry.npmjs.org/etag 546ms (from cache)
252 http fetch GET 304 https://registry.npmjs.org/fresh 536ms (from cache)
253 http fetch GET 304 https://registry.npmjs.org/on-finished 528ms (from cache)
254 http fetch GET 304 https://registry.npmjs.org/content-disposition 1125ms (from cache)
255 http fetch GET 304 https://registry.npmjs.org/methods 537ms (from cache)
256 http fetch GET 304 https://registry.npmjs.org/merge-descriptors 548ms (from cache)
257 silly pacote version manifest for fresh@0.5.2 fetched in 556ms
258 silly resolveWithNewModule fresh@0.5.2 checking installable status
259 silly pacote range manifest for etag@~1.8.1 fetched in 572ms
260 silly resolveWithNewModule etag@1.8.1 checking installable status
261 http fetch GET 304 https://registry.npmjs.org/escape-html 1079ms (from cache)
262 http fetch GET 304 https://registry.npmjs.org/cookie-signature 1143ms (from cache)
263 http fetch GET 304 https://registry.npmjs.org/finalhandler 585ms (from cache)
264 silly pacote version manifest for on-finished@2.4.1 fetched in 563ms
265 silly resolveWithNewModule on-finished@2.4.1 checking installable status
266 silly pacote version manifest for content-disposition@0.5.4 fetched in 1161ms
267 silly resolveWithNewModule content-disposition@0.5.4 checking installable status
268 silly pacote range manifest for methods@~1.1.2 fetched in 579ms
269 silly resolveWithNewModule methods@1.1.2 checking installable status
270 silly pacote version manifest for merge-descriptors@1.0.3 fetched in 590ms
271 silly resolveWithNewModule merge-descriptors@1.0.3 checking installable status
272 silly pacote range manifest for escape-html@~1.0.3 fetched in 1110ms
273 silly resolveWithNewModule escape-html@1.0.3 checking installable status
274 silly pacote version manifest for cookie-signature@1.0.6 fetched in 1189ms
275 silly resolveWithNewModule cookie-signature@1.0.6 checking installable status
276 silly pacote version manifest for finalhandler@1.3.1 fetched in 632ms
277 silly resolveWithNewModule finalhandler@1.3.1 checking installable status
278 http fetch GET 304 https://registry.npmjs.org/http-errors 661ms (from cache)
279 silly pacote version manifest for http-errors@2.0.0 fetched in 672ms
280 silly resolveWithNewModule http-errors@2.0.0 checking installable status
281 http fetch GET 304 https://registry.npmjs.org/parseurl 403ms (from cache)
282 silly pacote range manifest for parseurl@~1.3.3 fetched in 417ms
283 silly resolveWithNewModule parseurl@1.3.3 checking installable status
284 http fetch GET 304 https://registry.npmjs.org/proxy-addr 553ms (from cache)
285 http fetch GET 304 https://registry.npmjs.org/type-is 464ms (from cache)
286 http fetch GET 304 https://registry.npmjs.org/statuses 518ms (from cache)
287 http fetch GET 304 https://registry.npmjs.org/setprototypeof 522ms (from cache)
288 http fetch GET 304 https://registry.npmjs.org/serve-static 550ms (from cache)
289 http fetch GET 304 https://registry.npmjs.org/qs 574ms (from cache)
290 http fetch GET 304 https://registry.npmjs.org/range-parser 570ms (from cache)
291 silly pacote range manifest for proxy-addr@~2.0.7 fetched in 594ms
292 silly resolveWithNewModule proxy-addr@2.0.7 checking installable status
293 silly pacote version manifest for setprototypeof@1.2.0 fetched in 558ms
294 silly resolveWithNewModule setprototypeof@1.2.0 checking installable status
295 silly pacote range manifest for type-is@~1.6.18 fetched in 509ms
296 silly resolveWithNewModule type-is@1.6.18 checking installable status
297 silly pacote version manifest for statuses@2.0.1 fetched in 563ms
298 silly resolveWithNewModule statuses@2.0.1 checking installable status
299 silly pacote version manifest for serve-static@1.16.2 fetched in 588ms
300 silly resolveWithNewModule serve-static@1.16.2 checking installable status
301 silly pacote version manifest for qs@6.13.0 fetched in 608ms
302 silly resolveWithNewModule qs@6.13.0 checking installable status
303 silly pacote range manifest for range-parser@~1.2.1 fetched in 603ms
304 silly resolveWithNewModule range-parser@1.2.1 checking installable status
305 http fetch GET 304 https://registry.npmjs.org/path-to-regexp 658ms (from cache)
306 silly pacote version manifest for path-to-regexp@0.1.10 fetched in 666ms
307 silly resolveWithNewModule path-to-regexp@0.1.10 checking installable status
308 http fetch GET 304 https://registry.npmjs.org/utils-merge 368ms (from cache)
309 silly pacote version manifest for utils-merge@1.0.1 fetched in 378ms
310 silly resolveWithNewModule utils-merge@1.0.1 checking installable status
311 http fetch GET 304 https://registry.npmjs.org/send 999ms (from cache)
312 http fetch GET 304 https://registry.npmjs.org/vary 424ms (from cache)
313 silly pacote version manifest for send@0.19.0 fetched in 1014ms
314 silly resolveWithNewModule send@0.19.0 checking installable status
315 silly pacote range manifest for vary@~1.1.2 fetched in 434ms
316 silly resolveWithNewModule vary@1.1.2 checking installable status
317 http fetch GET 304 https://registry.npmjs.org/negotiator 396ms (from cache)
318 http fetch GET 304 https://registry.npmjs.org/mime-types 404ms (from cache)
319 silly pacote version manifest for negotiator@0.6.3 fetched in 411ms
320 silly resolveWithNewModule negotiator@0.6.3 checking installable status
321 silly pacote range manifest for mime-types@~2.1.34 fetched in 417ms
322 silly resolveWithNewModule mime-types@2.1.35 checking installable status
323 http fetch GET 304 https://registry.npmjs.org/mime-db 472ms (from cache)
324 silly pacote version manifest for mime-db@1.52.0 fetched in 484ms
325 silly resolveWithNewModule mime-db@1.52.0 checking installable status
326 silly pacote version manifest for debug@2.6.9 fetched in 25ms
327 silly resolveWithNewModule debug@2.6.9 checking installable status
328 http fetch GET 304 https://registry.npmjs.org/unpipe 439ms (from cache)
329 http fetch GET 304 https://registry.npmjs.org/destroy 441ms (from cache)
330 http fetch GET 304 https://registry.npmjs.org/bytes 450ms (from cache)
331 http fetch GET 304 https://registry.npmjs.org/raw-body 448ms (from cache)
332 silly pacote version manifest for unpipe@1.0.0 fetched in 457ms
333 silly resolveWithNewModule unpipe@1.0.0 checking installable status
334 silly pacote version manifest for destroy@1.2.0 fetched in 458ms
335 silly resolveWithNewModule destroy@1.2.0 checking installable status
336 silly pacote version manifest for bytes@3.1.2 fetched in 465ms
337 silly resolveWithNewModule bytes@3.1.2 checking installable status
338 silly pacote version manifest for raw-body@2.5.2 fetched in 462ms
339 silly resolveWithNewModule raw-body@2.5.2 checking installable status
340 http fetch GET 304 https://registry.npmjs.org/iconv-lite 606ms (from cache)
341 silly pacote version manifest for iconv-lite@0.4.24 fetched in 635ms
342 silly resolveWithNewModule iconv-lite@0.4.24 checking installable status
343 silly pacote version manifest for ms@2.0.0 fetched in 6ms
344 silly resolveWithNewModule ms@2.0.0 checking installable status
345 http fetch GET 304 https://registry.npmjs.org/toidentifier 398ms (from cache)
346 silly pacote version manifest for toidentifier@1.0.1 fetched in 406ms
347 silly resolveWithNewModule toidentifier@1.0.1 checking installable status
348 http fetch GET 304 https://registry.npmjs.org/safer-buffer 536ms (from cache)
349 silly pacote range manifest for safer-buffer@>= 2.1.2 < 3 fetched in 543ms
350 silly resolveWithNewModule safer-buffer@2.1.2 checking installable status
351 http fetch GET 304 https://registry.npmjs.org/ee-first 417ms (from cache)
352 silly pacote version manifest for ee-first@1.1.1 fetched in 424ms
353 silly resolveWithNewModule ee-first@1.1.1 checking installable status
354 http fetch GET 304 https://registry.npmjs.org/side-channel 407ms (from cache)
355 silly pacote range manifest for side-channel@^1.0.6 fetched in 417ms
356 silly resolveWithNewModule side-channel@1.0.6 checking installable status
357 http fetch GET 304 https://registry.npmjs.org/call-bind 504ms (from cache)
358 http fetch GET 304 https://registry.npmjs.org/get-intrinsic 504ms (from cache)
359 silly pacote range manifest for call-bind@^1.0.7 fetched in 516ms
360 silly resolveWithNewModule call-bind@1.0.7 checking installable status
361 silly pacote range manifest for get-intrinsic@^1.2.4 fetched in 516ms
362 silly resolveWithNewModule get-intrinsic@1.2.4 checking installable status
363 http fetch GET 304 https://registry.npmjs.org/es-errors 525ms (from cache)
364 http fetch GET 304 https://registry.npmjs.org/object-inspect 525ms (from cache)
365 silly pacote range manifest for es-errors@^1.3.0 fetched in 536ms
366 silly resolveWithNewModule es-errors@1.3.0 checking installable status
367 silly pacote range manifest for object-inspect@^1.13.1 fetched in 536ms
368 silly resolveWithNewModule object-inspect@1.13.2 checking installable status
369 http fetch GET 304 https://registry.npmjs.org/es-define-property 427ms (from cache)
370 http fetch GET 304 https://registry.npmjs.org/set-function-length 429ms (from cache)
371 silly pacote range manifest for es-define-property@^1.0.0 fetched in 440ms
372 silly resolveWithNewModule es-define-property@1.0.0 checking installable status
373 silly pacote range manifest for set-function-length@^1.2.1 fetched in 441ms
374 silly resolveWithNewModule set-function-length@1.2.2 checking installable status
375 http fetch GET 304 https://registry.npmjs.org/function-bind 1079ms (from cache)
376 silly pacote range manifest for function-bind@^1.1.2 fetched in 1091ms
377 silly resolveWithNewModule function-bind@1.1.2 checking installable status
378 http fetch GET 304 https://registry.npmjs.org/has-symbols 422ms (from cache)
379 silly pacote range manifest for has-symbols@^1.0.3 fetched in 436ms
380 silly resolveWithNewModule has-symbols@1.0.3 checking installable status
381 http fetch GET 304 https://registry.npmjs.org/has-proto 445ms (from cache)
382 http fetch GET 304 https://registry.npmjs.org/hasown 445ms (from cache)
383 silly pacote range manifest for has-proto@^1.0.1 fetched in 457ms
384 silly resolveWithNewModule has-proto@1.0.3 checking installable status
385 silly pacote range manifest for hasown@^2.0.0 fetched in 456ms
386 silly resolveWithNewModule hasown@2.0.2 checking installable status
387 http fetch GET 304 https://registry.npmjs.org/define-data-property 383ms (from cache)
388 silly pacote range manifest for define-data-property@^1.1.4 fetched in 393ms
389 silly resolveWithNewModule define-data-property@1.1.4 checking installable status
390 http fetch GET 304 https://registry.npmjs.org/has-property-descriptors 419ms (from cache)
391 silly pacote range manifest for has-property-descriptors@^1.0.2 fetched in 426ms
392 silly resolveWithNewModule has-property-descriptors@1.0.2 checking installable status
393 http fetch GET 304 https://registry.npmjs.org/gopd 551ms (from cache)
394 silly pacote range manifest for gopd@^1.0.1 fetched in 558ms
395 silly resolveWithNewModule gopd@1.0.1 checking installable status
396 http fetch GET 304 https://registry.npmjs.org/media-typer 407ms (from cache)
397 silly pacote version manifest for media-typer@0.3.0 fetched in 415ms
398 silly resolveWithNewModule media-typer@0.3.0 checking installable status
399 silly pacote version manifest for ms@2.0.0 fetched in 3ms
400 silly resolveWithNewModule ms@2.0.0 checking installable status
401 silly pacote version manifest for debug@2.6.9 fetched in 7ms
402 silly resolveWithNewModule debug@2.6.9 checking installable status
403 silly pacote version manifest for ms@2.0.0 fetched in 4ms
404 silly resolveWithNewModule ms@2.0.0 checking installable status
405 http fetch GET 304 https://registry.npmjs.org/forwarded 451ms (from cache)
406 http fetch GET 304 https://registry.npmjs.org/ipaddr.js 448ms (from cache)
407 silly pacote version manifest for forwarded@0.2.0 fetched in 459ms
408 silly resolveWithNewModule forwarded@0.2.0 checking installable status
409 silly pacote version manifest for ipaddr.js@1.9.1 fetched in 457ms
410 silly resolveWithNewModule ipaddr.js@1.9.1 checking installable status
411 silly pacote version manifest for debug@2.6.9 fetched in 8ms
412 silly resolveWithNewModule debug@2.6.9 checking installable status
413 silly pacote range manifest for encodeurl@~1.0.2 fetched in 13ms
414 silly resolveWithNewModule encodeurl@1.0.2 checking installable status
415 http fetch GET 304 https://registry.npmjs.org/mime 387ms (from cache)
416 silly pacote version manifest for mime@1.6.0 fetched in 401ms
417 silly resolveWithNewModule mime@1.6.0 checking installable status
418 silly pacote version manifest for ms@2.0.0 fetched in 15ms
419 silly resolveWithNewModule ms@2.0.0 checking installable status
420 http fetch GET 304 https://registry.npmjs.org/jws 651ms (from cache)
421 silly pacote range manifest for jws@^3.2.2 fetched in 665ms
422 silly resolveWithNewModule jws@3.2.2 checking installable status
423 http fetch GET 304 https://registry.npmjs.org/lodash.once 653ms (from cache)
424 http fetch GET 304 https://registry.npmjs.org/lodash.isstring 660ms (from cache)
425 http fetch GET 304 https://registry.npmjs.org/lodash.isplainobject 667ms (from cache)
426 http fetch GET 304 https://registry.npmjs.org/lodash.isinteger 675ms (from cache)
427 http fetch GET 304 https://registry.npmjs.org/lodash.isboolean 678ms (from cache)
428 silly pacote range manifest for lodash.once@^4.0.0 fetched in 688ms
429 silly resolveWithNewModule lodash.once@4.1.1 checking installable status
430 http fetch GET 304 https://registry.npmjs.org/lodash.isnumber 696ms (from cache)
431 silly pacote range manifest for lodash.isstring@^4.0.1 fetched in 694ms
432 silly resolveWithNewModule lodash.isstring@4.0.1 checking installable status
433 silly pacote range manifest for lodash.isboolean@^3.0.3 fetched in 710ms
434 silly resolveWithNewModule lodash.isboolean@3.0.3 checking installable status
435 silly pacote range manifest for lodash.isplainobject@^4.0.6 fetched in 707ms
436 silly resolveWithNewModule lodash.isplainobject@4.0.6 checking installable status
437 silly pacote range manifest for lodash.isinteger@^4.0.4 fetched in 714ms
438 silly resolveWithNewModule lodash.isinteger@4.0.4 checking installable status
439 silly pacote range manifest for lodash.isnumber@^3.0.3 fetched in 717ms
440 silly resolveWithNewModule lodash.isnumber@3.0.3 checking installable status
441 http fetch GET 304 https://registry.npmjs.org/lodash.includes 904ms (from cache)
442 silly pacote range manifest for lodash.includes@^4.3.0 fetched in 912ms
443 silly resolveWithNewModule lodash.includes@4.3.0 checking installable status
444 http fetch GET 304 https://registry.npmjs.org/jwa 625ms (from cache)
445 silly pacote range manifest for jwa@^1.4.1 fetched in 635ms
446 silly resolveWithNewModule jwa@1.4.1 checking installable status
447 http fetch GET 304 https://registry.npmjs.org/ecdsa-sig-formatter 533ms (from cache)
448 http fetch GET 200 https://registry.npmjs.org/ecdsa-sig-formatter/-/ecdsa-sig-formatter-1.0.11.tgz 24ms (from cache)
449 silly pacote version manifest for ecdsa-sig-formatter@1.0.11 fetched in 590ms
450 silly resolveWithNewModule ecdsa-sig-formatter@1.0.11 checking installable status
451 http fetch GET 304 https://registry.npmjs.org/buffer-equal-constant-time 598ms (from cache)
452 silly pacote version manifest for buffer-equal-constant-time@1.0.1 fetched in 607ms
453 silly resolveWithNewModule buffer-equal-constant-time@1.0.1 checking installable status
454 http fetch GET 304 https://registry.npmjs.org/pg-pool 612ms (from cache)
455 http fetch GET 304 https://registry.npmjs.org/pgpass 619ms (from cache)
456 http fetch GET 304 https://registry.npmjs.org/pg-connection-string 631ms (from cache)
457 http fetch GET 304 https://registry.npmjs.org/pg-types 628ms (from cache)
458 silly pacote range manifest for pg-pool@^3.7.0 fetched in 640ms
459 silly resolveWithNewModule pg-pool@3.7.0 checking installable status
460 silly pacote range manifest for pgpass@1.x fetched in 640ms
461 silly resolveWithNewModule pgpass@1.0.5 checking installable status
462 silly pacote range manifest for pg-connection-string@^2.7.0 fetched in 651ms
463 silly resolveWithNewModule pg-connection-string@2.7.0 checking installable status
464 silly pacote range manifest for pg-types@^2.1.0 fetched in 646ms
465 silly resolveWithNewModule pg-types@2.2.0 checking installable status
466 http fetch GET 304 https://registry.npmjs.org/pg-cloudflare 646ms (from cache)
467 http fetch GET 304 https://registry.npmjs.org/pg-protocol 655ms (from cache)
468 silly pacote range manifest for pg-cloudflare@^1.1.1 fetched in 655ms
469 silly resolveWithNewModule pg-cloudflare@1.1.1 checking installable status
470 silly pacote range manifest for pg-protocol@^1.7.0 fetched in 663ms
471 silly resolveWithNewModule pg-protocol@1.7.0 checking installable status
472 http fetch GET 304 https://registry.npmjs.org/postgres-date 629ms (from cache)
473 http fetch GET 304 https://registry.npmjs.org/postgres-array 636ms (from cache)
474 http fetch GET 304 https://registry.npmjs.org/pg-int8 642ms (from cache)
475 http fetch GET 304 https://registry.npmjs.org/postgres-interval 640ms (from cache)
476 http fetch GET 304 https://registry.npmjs.org/postgres-bytea 650ms (from cache)
477 silly pacote range manifest for postgres-date@~1.0.4 fetched in 654ms
478 silly resolveWithNewModule postgres-date@1.0.7 checking installable status
479 silly pacote version manifest for pg-int8@1.0.1 fetched in 662ms
480 silly resolveWithNewModule pg-int8@1.0.1 checking installable status
481 silly pacote range manifest for postgres-interval@^1.1.0 fetched in 659ms
482 silly resolveWithNewModule postgres-interval@1.2.0 checking installable status
483 silly pacote range manifest for postgres-array@~2.0.0 fetched in 665ms
484 silly resolveWithNewModule postgres-array@2.0.0 checking installable status
485 silly pacote range manifest for postgres-bytea@~1.0.0 fetched in 665ms
486 silly resolveWithNewModule postgres-bytea@1.0.0 checking installable status
487 http fetch GET 304 https://registry.npmjs.org/xtend 412ms (from cache)
488 silly pacote range manifest for xtend@^4.0.0 fetched in 420ms
489 silly resolveWithNewModule xtend@4.0.2 checking installable status
490 http fetch GET 304 https://registry.npmjs.org/split2 522ms (from cache)
491 silly pacote range manifest for split2@^4.1.0 fetched in 531ms
492 silly resolveWithNewModule split2@4.2.0 checking installable status
493 http fetch GET 200 https://registry.npmjs.org/dottie 467ms
494 http fetch GET 200 https://registry.npmjs.org/moment 475ms
495 http fetch GET 304 https://registry.npmjs.org/lodash 494ms (from cache)
496 http fetch GET 200 https://registry.npmjs.org/moment-timezone 496ms
497 silly pacote range manifest for lodash@^4.17.21 fetched in 511ms
498 silly resolveWithNewModule lodash@4.17.21 checking installable status
499 http fetch GET 200 https://registry.npmjs.org/retry-as-promised 572ms
500 http fetch GET 200 https://registry.npmjs.org/@types%2fvalidator 730ms
501 http fetch GET 200 https://registry.npmjs.org/dottie/-/dottie-2.0.6.tgz 346ms
502 silly pacote range manifest for dottie@^2.0.6 fetched in 830ms
503 silly resolveWithNewModule dottie@2.0.6 checking installable status
504 http fetch GET 200 https://registry.npmjs.org/toposort-class 6025ms
505 http fetch GET 200 https://registry.npmjs.org/sequelize-pool 6036ms
506 http fetch GET 304 https://registry.npmjs.org/uuid 5544ms (from cache)
507 silly pacote range manifest for uuid@^8.3.2 fetched in 5563ms
508 silly resolveWithNewModule uuid@8.3.2 checking installable status
509 http fetch GET 200 https://registry.npmjs.org/validator 35169ms
510 http fetch GET 200 https://registry.npmjs.org/sequelize-pool/-/sequelize-pool-7.1.0.tgz 43937ms
511 http fetch GET 200 https://registry.npmjs.org/toposort-class/-/toposort-class-1.0.1.tgz 43955ms
512 http fetch GET 200 https://registry.npmjs.org/wkx 43918ms
513 silly pacote range manifest for sequelize-pool@^7.1.0 fetched in 50001ms
514 silly resolveWithNewModule sequelize-pool@7.1.0 checking installable status
515 silly pacote range manifest for toposort-class@^1.0.1 fetched in 50003ms
516 silly resolveWithNewModule toposort-class@1.0.1 checking installable status
517 http fetch GET 200 https://registry.npmjs.org/wkx/-/wkx-0.5.0.tgz 599ms
518 silly pacote range manifest for wkx@^0.5.0 fetched in 44537ms
519 silly resolveWithNewModule wkx@0.5.0 checking installable status
520 http fetch GET 200 https://registry.npmjs.org/validator/-/validator-13.12.0.tgz 14628ms
521 silly pacote range manifest for validator@^13.9.0 fetched in 49830ms
522 silly resolveWithNewModule validator@13.12.0 checking installable status
523 http fetch GET 200 https://registry.npmjs.org/@types/validator/-/validator-13.12.2.tgz 111605ms attempt #3
524 silly pacote range manifest for @types/validator@^13.7.17 fetched in 112363ms
525 silly resolveWithNewModule @types/validator@13.12.2 checking installable status
526 silly fetchPackageMetaData error for @types/debug@^4.1.8 request to https://registry.npmjs.org/@types%2fdebug failed, reason: read ECONNABORTED
527 timing npm Completed in 600863ms
528 error cb() never called!
529 error This is an error with npm itself. Please report this error at:
530 error <https://npm.community>
