0 info it worked if it ends with ok
1 verbose cli [
1 verbose cli   '/data/app/io.tempage.dorynode-Q3mWoQEuVEpL2zV2ebp-wA==/lib/arm64/lib_node_v16.so',
1 verbose cli   '/data/user/0/io.tempage.dorynode/files/bin/npm',
1 verbose cli   'install',
1 verbose cli   '--save-dev',
1 verbose cli   'nodemon',
1 verbose cli   'eslint'
1 verbose cli ]
2 info using npm@6.14.17
3 info using node@v16.15.1
4 verbose npm-session 8956f65771961fcb
5 silly install loadCurrentTree
6 silly install readLocalPackageData
7 http fetch GET 200 https://registry.npmjs.org/nodemon 2243ms
8 http fetch GET 200 https://registry.npmjs.org/eslint 2311ms
9 timing npm Completed in 29622ms
10 error cb() never called!
11 error This is an error with npm itself. Please report this error at:
12 error <https://npm.community>
