0 info it worked if it ends with ok
1 verbose cli [
1 verbose cli   '/data/app/io.tempage.dorynode-Q3mWoQEuVEpL2zV2ebp-wA==/lib/arm64/lib_node_v16.so',
1 verbose cli   '/data/user/0/io.tempage.dorynode/files/bin/npm',
1 verbose cli   'publish'
1 verbose cli ]
2 info using npm@6.14.17
3 info using node@v16.15.1
4 verbose npm-session 7a4971c9e2c33133
5 verbose publish [ '.' ]
6 verbose stack Error: ENOENT: no such file or directory, open 'package.json'
7 verbose cwd /data/data/io.tempage.dorynode/app_HOME/firebase
8 verbose Linux 4.14.141+
9 verbose argv "/data/app/io.tempage.dorynode-Q3mWoQEuVEpL2zV2ebp-wA==/lib/arm64/lib_node_v16.so" "/data/user/0/io.tempage.dorynode/files/bin/npm" "publish"
10 verbose node v16.15.1
11 verbose npm  v6.14.17
12 error code ENOENT
13 error syscall open
14 error path package.json
15 error errno -2
16 error enoent ENOENT: no such file or directory, open 'package.json'
17 error enoent This is related to npm not being able to find a file.
18 verbose exit [ -2, true ]
